Arguments: 
  C:\Program Files\nodejs\node.exe C:\Program Files (x86)\Yarn\bin\yarn.js init

PATH: 
  C:\Python36\Scripts\;C:\Python36\;C:\Program Files (x86)\Common Files\Intel\Shared Files\cpp\bin\Intel64;C:\Program Files (x86)\Intel\iCLS Client\;C:\Program Files\Intel\iCLS Client\;C:\Windows\system32;C:\Windows;C:\Windows\System32\Wbem;C:\Windows\System32\WindowsPowerShell\v1.0\;C:\Program Files (x86)\Intel\Intel(R) Management Engine Components\DAL;C:\Program Files\Intel\Intel(R) Management Engine Components\DAL;C:\Program Files (x86)\Intel\Intel(R) Management Engine Components\IPT;C:\Program Files\Intel\Intel(R) Management Engine Components\IPT;C:\Program Files (x86)\NVIDIA Corporation\PhysX\Common;C:\WINDOWS\system32;C:\WINDOWS;C:\WINDOWS\System32\Wbem;C:\WINDOWS\System32\WindowsPowerShell\v1.0\;C:\Program Files\Git\cmd;C:\Program Files\nodejs\;C:\WINDOWS\System32\OpenSSH\;C:\Program Files\dotnet\;C:\ProgramData\chocolatey\bin;;C:\Program Files\Microsoft VS Code\bin;C:\Program Files (x86)\Yarn\bin\;C:\Ruby24-x64\bin;C:\Users\Alex Dykas\AppData\Local\Microsoft\WindowsApps;C:\Users\Alex Dykas\AppData\Roaming\npm;C:\Program Files\MongoDB\Server\3.6\bin;C:\Users\Alex Dykas\.dotnet\tools;C:\Program Files (x86)\Heroku\bin;C:\Users\Alex Dykas\AppData\Roaming\Python\Python36\Scripts;C:\sqlite;C:\watchman;C:\Users\Alex Dykas\AppData\Local\Yarn\bin

Yarn version: 
  1.10.1

Node version: 
  10.15.0

Platform: 
  win32 x64

Trace: 
  Error: canceled
      at Interface.<anonymous> (C:\Program Files (x86)\Yarn\lib\cli.js:116426:13)
      at Interface.emit (events.js:182:13)
      at Interface._ttyWrite (readline.js:783:16)
      at ReadStream.onkeypress (readline.js:168:10)
      at ReadStream.emit (events.js:182:13)
      at emitKeys (internal/readline.js:424:14)
      at emitKeys.next (<anonymous>)
      at ReadStream.onData (readline.js:1022:36)
      at ReadStream.emit (events.js:182:13)
      at addChunk (_stream_readable.js:283:12)

npm manifest: 
  {
    "name": "business-reviews",
    "version": "1.0.0",
    "description": "",
    "main": "index.js",
    "scripts": {
      "start": "nodemon index.js"
    },
    "keywords": [],
    "author": "",
    "license": "ISC",
    "dependencies": {
      "connect-mongo": "^2.0.3",
      "cookie-parser": "^1.4.3",
      "es6-promisify": "^6.0.1",
      "express": "^4.16.4",
      "express-session": "^1.15.6",
      "mongoose": "^5.4.2",
      "nodemon": "^1.18.9",
      "passport": "^0.4.0",
      "passport-local": "^1.0.0",
      "passport-local-mongoose": "^5.0.1",
      "promisify": "0.0.3",
      "validator": "^10.10.0"
    }
  }

yarn manifest: 
  No manifest

Lockfile: 
  No lockfile
